#
# A fatal error has been detected by the Java Runtime Environment:
#
#  EXCEPTION_ACCESS_VIOLATION (0xc0000005) at pc=0x0000000180005b6b, pid=13816, tid=14108
#
# JRE version: Java(TM) SE Runtime Environment (7.0_80-b05) (build 1.7.0_80-ea-b05)
# Java VM: Java HotSpot(TM) 64-Bit Server VM (24.80-b07 mixed mode windows-amd64 compressed oops)
# Problematic frame:
# C  [rxtxSerial.dll+0x5b6b]
#
# Failed to write core dump. Minidumps are not enabled by default on client versions of Windows
#
# If you would like to submit a bug report, please visit:
#   http://bugreport.java.com/bugreport/crash.jsp
# The crash happened outside the Java Virtual Machine in native code.
# See problematic frame for where to report the bug.
#

---------------  T H R E A D  ---------------

Current thread (0x000000000f270800):  JavaThread "Thread-9" [_thread_in_native, id=14108, stack(0x0000000011d80000,0x0000000011e80000)]

siginfo: ExceptionCode=0xc0000005, writing address 0x0000000011f7ee38

Registers:
RAX=0x00000000ffffffff, RBX=0x0000000000000000, RCX=0x0000000000000000, RDX=0x0000000000000000
RSP=0x0000000011e7f370, RBP=0x00000000ffffffff, RSI=0x0000000000000006, RDI=0x0000000000000001
R8 =0x0000000011e7ee50, R9 =0x0000000180000000, R10=0x0000000000000000, R11=0x0000000000000200
R12=0x0000000011f7ee30, R13=0x0000000000000001, R14=0x0000000000000000, R15=0x0000000000000000
RIP=0x0000000180005b6b, EFLAGS=0x0000000000010286

Top of Stack: (sp=0x0000000011e7f370)
0x0000000011e7f370:   0000000000000000 0000000000000000
0x0000000011e7f380:   0000000000000000 0000000000000000
0x0000000011e7f390:   000000000f270800 0000000011e7f510
0x0000000011e7f3a0:   000000073c817e70 0000000011e7f510
0x0000000011e7f3b0:   ffffffffffffffff 0000000000000001
0x0000000011e7f3c0:   000000000f2a2d28 0000000180005f3f
0x0000000011e7f3d0:   000000000f2709e8 000000000f2709e8
0x0000000011e7f3e0:   0000000000000001 0000000011e7f400
0x0000000011e7f3f0:   0000000000000001 00000000ffffffff
0x0000000011e7f400:   00000007c1826628 0000000011e7f510
0x0000000011e7f410:   000000000f2d9928 0000000000000001
0x0000000011e7f420:   000000000f270800 000000006ac0f47c
0x0000000011e7f430:   00000007c1826690 0000000002d33aa6
0x0000000011e7f440:   000000000f270800 0000000011e7f5c0
0x0000000011e7f450:   0000bf9bea67c304 000000000f270800
0x0000000011e7f460:   0000000000000000 0000000000000066 

Instructions: (pc=0x0000000180005b6b)
0x0000000180005b4b:   31 00 00 85 c0 78 33 74 06 03 d8 2b f8 eb 0a b9
0x0000000180005b5b:   e8 03 00 00 e8 1c 1c 00 00 41 3b dd 7c b7 8b c3
0x0000000180005b6b:   45 89 74 24 08 48 8b 5c 24 60 48 83 c4 20 41 5f
0x0000000180005b7b:   41 5e 41 5d 41 5c 5f 5e 5d c3 e8 1e 61 00 00 83 


Register to memory mapping:

RAX=0x00000000ffffffff is an unknown value
RBX=0x0000000000000000 is an unknown value
RCX=0x0000000000000000 is an unknown value
RDX=0x0000000000000000 is an unknown value
RSP=0x0000000011e7f370 is pointing into the stack for thread: 0x000000000f270800
RBP=0x00000000ffffffff is an unknown value
RSI=0x0000000000000006 is an unknown value
RDI=0x0000000000000001 is an unknown value
R8 =0x0000000011e7ee50 is pointing into the stack for thread: 0x000000000f270800
R9 =0x0000000180000000 is an unknown value
R10=0x0000000000000000 is an unknown value
R11=0x0000000000000200 is an unknown value
R12=0x0000000011f7ee30 is an unknown value
R13=0x0000000000000001 is an unknown value
R14=0x0000000000000000 is an unknown value
R15=0x0000000000000000 is an unknown value


Stack: [0x0000000011d80000,0x0000000011e80000],  sp=0x0000000011e7f370,  free space=1020k
Native frames: (J=compiled Java code, j=interpreted, Vv=VM code, C=native code)
C  [rxtxSerial.dll+0x5b6b]

Java frames: (J=compiled Java code, j=interpreted, Vv=VM code)
j  gnu.io.RXTXPort.readByte()I+0
j  gnu.io.RXTXPort$SerialInputStream.read()I+81
j  Manage.InterfaceCommunication.run()V+76
j  java.lang.Thread.run()V+11
v  ~StubRoutines::call_stub

---------------  P R O C E S S  ---------------

Java Threads: ( => current thread )
  0x000000000f272000 JavaThread "TimerQueue" daemon [_thread_blocked, id=12240, stack(0x000000000fbc0000,0x000000000fcc0000)]
=>0x000000000f270800 JavaThread "Thread-9" [_thread_in_native, id=14108, stack(0x0000000011d80000,0x0000000011e80000)]
  0x0000000002bb0800 JavaThread "DestroyJavaVM" [_thread_blocked, id=16668, stack(0x0000000002a90000,0x0000000002b90000)]
  0x000000000f1cf000 JavaThread "Thread-6" [_thread_blocked, id=13124, stack(0x00000000112a0000,0x00000000113a0000)]
  0x000000000f1ce000 JavaThread "Thread-5" [_thread_blocked, id=27440, stack(0x00000000111a0000,0x00000000112a0000)]
  0x000000000f187000 JavaThread "Thread-4" [_thread_blocked, id=11160, stack(0x00000000110a0000,0x00000000111a0000)]
  0x000000000f186000 JavaThread "Thread-3" [_thread_blocked, id=8328, stack(0x0000000010fa0000,0x00000000110a0000)]
  0x000000000f1cd800 JavaThread "Thread-2" [_thread_blocked, id=23464, stack(0x00000000106a0000,0x00000000107a0000)]
  0x000000000f1c8000 JavaThread "Thread-1" [_thread_blocked, id=6432, stack(0x00000000104b0000,0x00000000105b0000)]
  0x000000000f006800 JavaThread "AWT-EventQueue-0" [_thread_blocked, id=27056, stack(0x00000000103b0000,0x00000000104b0000)]
  0x000000000d5a0000 JavaThread "AWT-Windows" daemon [_thread_in_native, id=16964, stack(0x000000000fac0000,0x000000000fbc0000)]
  0x000000000d595800 JavaThread "AWT-Shutdown" [_thread_blocked, id=17088, stack(0x000000000f9c0000,0x000000000fac0000)]
  0x000000000d595000 JavaThread "Java2D Disposer" daemon [_thread_blocked, id=7100, stack(0x000000000f8c0000,0x000000000f9c0000)]
  0x000000000d582800 JavaThread "Service Thread" daemon [_thread_blocked, id=11848, stack(0x000000000ece0000,0x000000000ede0000)]
  0x000000000d570800 JavaThread "C2 CompilerThread1" daemon [_thread_blocked, id=23992, stack(0x000000000ebe0000,0x000000000ece0000)]
  0x000000000d564800 JavaThread "C2 CompilerThread0" daemon [_thread_blocked, id=17924, stack(0x000000000eae0000,0x000000000ebe0000)]
  0x000000000d563000 JavaThread "Attach Listener" daemon [_thread_blocked, id=18376, stack(0x000000000e9e0000,0x000000000eae0000)]
  0x000000000d560000 JavaThread "Signal Dispatcher" daemon [_thread_blocked, id=4572, stack(0x000000000e8e0000,0x000000000e9e0000)]
  0x000000000d52e000 JavaThread "Finalizer" daemon [_thread_blocked, id=23856, stack(0x000000000e7e0000,0x000000000e8e0000)]
  0x000000000d524000 JavaThread "Reference Handler" daemon [_thread_blocked, id=27108, stack(0x000000000e6e0000,0x000000000e7e0000)]

Other Threads:
  0x000000000d520000 VMThread [stack: 0x000000000e5e0000,0x000000000e6e0000] [id=9976]
  0x000000000d58b000 WatcherThread [stack: 0x000000000ede0000,0x000000000eee0000] [id=11164]

VM state:not at safepoint (normal execution)

VM Mutex/Monitor currently owned by a thread: None

Heap
 PSYoungGen      total 57344K, used 23761K [0x00000007c0500000, 0x00000007c4500000, 0x0000000800000000)
  eden space 49152K, 48% used [0x00000007c0500000,0x00000007c1c34708,0x00000007c3500000)
  from space 8192K, 0% used [0x00000007c3d00000,0x00000007c3d00000,0x00000007c4500000)
  to   space 8192K, 0% used [0x00000007c3500000,0x00000007c3500000,0x00000007c3d00000)
 ParOldGen       total 130048K, used 0K [0x0000000741000000, 0x0000000748f00000, 0x00000007c0500000)
  object space 130048K, 0% used [0x0000000741000000,0x0000000741000000,0x0000000748f00000)
 PSPermGen       total 21504K, used 11983K [0x000000073be00000, 0x000000073d300000, 0x0000000741000000)
  object space 21504K, 55% used [0x000000073be00000,0x000000073c9b3ea8,0x000000073d300000)

Card table byte_map: [0x0000000005d70000,0x00000000063a0000] byte_map_base: 0x0000000002391000

Polling page: 0x00000000029c0000

Code Cache  [0x0000000002cb0000, 0x0000000002f20000, 0x0000000005cb0000)
 total_blobs=617 nmethods=175 adapters=394 free_code_cache=48394Kb largest_free_block=49520576

Compilation events (10 events):
Event: 38.051 Thread 0x000000000d570800  172             java.security.AccessController::getContext (23 bytes)
Event: 38.055 Thread 0x000000000d570800 nmethod 172 0x0000000002d5cb10 code [0x0000000002d5cc60, 0x0000000002d5cd58]
Event: 41.068 Thread 0x000000000d564800  173             javax.swing.text.SegmentCache::getSharedInstance (4 bytes)
Event: 41.069 Thread 0x000000000d564800 nmethod 173 0x0000000002d6f710 code [0x0000000002d6f840, 0x0000000002d6f898]
Event: 43.583 Thread 0x000000000d570800  174             java.lang.Integer::stringSize (21 bytes)
Event: 43.583 Thread 0x000000000d564800  175             java.lang.Integer::getChars (131 bytes)
Event: 43.590 Thread 0x000000000d570800 nmethod 174 0x0000000002d25790 code [0x0000000002d258c0, 0x0000000002d259b8]
Event: 43.591 Thread 0x000000000d564800 nmethod 175 0x0000000002d6f210 code [0x0000000002d6f360, 0x0000000002d6f538]
Event: 45.428 Thread 0x000000000d570800  176             javax.swing.text.PlainView::updateMetrics (41 bytes)
Event: 45.432 Thread 0x000000000d570800 nmethod 176 0x0000000002d6ecd0 code [0x0000000002d6ee20, 0x0000000002d6ef88]

GC Heap History (0 events):
No events

Deoptimization events (4 events):
Event: 0.945 Thread 0x0000000002bb0800 Uncommon trap: reason=null_check action=make_not_entrant pc=0x0000000002d25894 method=java.lang.String.equals(Ljava/lang/Object;)Z @ 8
Event: 2.085 Thread 0x000000000f006800 Uncommon trap: reason=unstable_if action=reinterpret pc=0x0000000002d45f54 method=java.util.ArrayList.indexOf(Ljava/lang/Object;)I @ 41
Event: 2.276 Thread 0x000000000f1cd800 Uncommon trap: reason=unstable_if action=reinterpret pc=0x0000000002d497b4 method=sun.font.FontDesignMetrics.getLatinCharWidth(C)F @ 11
Event: 18.271 Thread 0x000000000f006800 Uncommon trap: reason=null_check action=make_not_entrant pc=0x0000000002d5ec8c method=javax.swing.RepaintManager.extendDirtyRegion(Ljava/awt/Component;IIII)Z @ 10

Internal exceptions (10 events):
Event: 4.679 Thread 0x000000000f283000 Threw 0x00000007c15928b0 at C:\re\jdk7u80\2061.nc\hotspot\src\share\vm\prims\jni.cpp:717
Event: 4.680 Thread 0x000000000f006800 Threw 0x00000007c099c318 at C:\re\jdk7u80\2061.nc\hotspot\src\share\vm\prims\jvm.cpp:1319
Event: 4.683 Thread 0x000000000f006800 Threw 0x00000007c099db40 at C:\re\jdk7u80\2061.nc\hotspot\src\share\vm\prims\jvm.cpp:1319
Event: 4.686 Thread 0x000000000f283000 Threw 0x00000007c15a2720 at C:\re\jdk7u80\2061.nc\hotspot\src\share\vm\prims\jvm.cpp:1319
Event: 4.687 Thread 0x000000000f283000 Threw 0x00000007c15a6330 at C:\re\jdk7u80\2061.nc\hotspot\src\share\vm\prims\jvm.cpp:1319
Event: 4.690 Thread 0x000000000f283000 Threw 0x00000007c15aaed8 at C:\re\jdk7u80\2061.nc\hotspot\src\share\vm\prims\jvm.cpp:1319
Event: 4.691 Thread 0x000000000f283000 Threw 0x00000007c15ae960 at C:\re\jdk7u80\2061.nc\hotspot\src\share\vm\prims\jvm.cpp:1319
Event: 4.697 Thread 0x000000000f283000 Threw 0x00000007c15b1a38 at C:\re\jdk7u80\2061.nc\hotspot\src\share\vm\prims\jvm.cpp:1319
Event: 5.691 Thread 0x000000000f270800 Threw 0x00000007c1768828 at C:\re\jdk7u80\2061.nc\hotspot\src\share\vm\interpreter\linkResolver.cpp:892
Event: 18.271 Thread 0x000000000f006800 Implicit null exception at 0x0000000002d5e978 to 0x0000000002d5ec80

Events (10 events):
Event: 39.097 Executing VM operation: RevokeBias
Event: 39.097 Executing VM operation: RevokeBias done
Event: 39.613 Executing VM operation: RevokeBias
Event: 39.613 Executing VM operation: RevokeBias done
Event: 41.069 Thread 0x000000000d564800 flushing nmethod 0x0000000002d25510
Event: 46.225 Executing VM operation: RevokeBias
Event: 46.225 Executing VM operation: RevokeBias done
Event: 46.287 Thread 0x000000000f271000 Thread exited: 0x000000000f271000
Event: 46.290 loading class 0x000000000ef65f20
Event: 46.290 loading class 0x000000000ef65f20 done


Dynamic libraries:
0x00007ff72fcf0000 - 0x00007ff72fd23000 	C:\Program Files\Java\jre7\bin\javaw.exe
0x00007ffd20a60000 - 0x00007ffd20c0c000 	C:\Windows\SYSTEM32\ntdll.dll
0x00007ffd1e5e0000 - 0x00007ffd1e71e000 	C:\Windows\system32\KERNEL32.DLL
0x00007ffd1dc80000 - 0x00007ffd1dd95000 	C:\Windows\system32\KERNELBASE.dll
0x00007ffd1c750000 - 0x00007ffd1c7de000 	C:\Windows\system32\apphelp.dll
0x00007ffd114b0000 - 0x00007ffd11503000 	C:\Windows\AppPatch\AppPatch64\AcGenral.DLL
0x00007ffd1e100000 - 0x00007ffd1e1aa000 	C:\Windows\system32\msvcrt.dll
0x00007ffd1da50000 - 0x00007ffd1da7e000 	C:\Windows\SYSTEM32\SspiCli.dll
0x00007ffd20410000 - 0x00007ffd20464000 	C:\Windows\system32\SHLWAPI.dll
0x00007ffd1fdc0000 - 0x00007ffd1ff37000 	C:\Windows\system32\USER32.dll
0x00007ffd206c0000 - 0x00007ffd20854000 	C:\Windows\system32\ole32.dll
0x00007ffd1e720000 - 0x00007ffd1fc38000 	C:\Windows\system32\SHELL32.dll
0x00007ffd1d150000 - 0x00007ffd1d171000 	C:\Windows\SYSTEM32\USERENV.dll
0x00007ffd1fc40000 - 0x00007ffd1fcea000 	C:\Windows\system32\ADVAPI32.dll
0x00007ffd0c8d0000 - 0x00007ffd0c8ee000 	C:\Windows\SYSTEM32\MPR.dll
0x00007ffd202c0000 - 0x00007ffd20401000 	C:\Windows\system32\RPCRT4.dll
0x00007ffd20260000 - 0x00007ffd202b9000 	C:\Windows\SYSTEM32\sechost.dll
0x00007ffd20480000 - 0x00007ffd20691000 	C:\Windows\SYSTEM32\combase.dll
0x00007ffd1ff40000 - 0x00007ffd20091000 	C:\Windows\system32\GDI32.dll
0x00007ffd1dbb0000 - 0x00007ffd1dbc5000 	C:\Windows\SYSTEM32\profapi.dll
0x00007ffd1c120000 - 0x00007ffd1c1d2000 	C:\Windows\SYSTEM32\SHCORE.dll
0x00007ffd20a10000 - 0x00007ffd20a46000 	C:\Windows\system32\IMM32.DLL
0x00007ffd200a0000 - 0x00007ffd201f2000 	C:\Windows\system32\MSCTF.dll
0x00007ffd1bc80000 - 0x00007ffd1befa000 	C:\Windows\WinSxS\amd64_microsoft.windows.common-controls_6595b64144ccf1df_6.0.9600.17810_none_6240b9c7ecbd0bda\COMCTL32.dll
0x000000006b1a0000 - 0x000000006b272000 	C:\Program Files\Java\jre7\bin\msvcr100.dll
0x000000006a9c0000 - 0x000000006b198000 	C:\Program Files\Java\jre7\bin\server\jvm.dll
0x00007ffd0ed90000 - 0x00007ffd0ed99000 	C:\Windows\SYSTEM32\WSOCK32.dll
0x00007ffd1a010000 - 0x00007ffd1a032000 	C:\Windows\SYSTEM32\WINMM.dll
0x00007ffd20a50000 - 0x00007ffd20a57000 	C:\Windows\system32\PSAPI.DLL
0x00007ffd1e450000 - 0x00007ffd1e4aa000 	C:\Windows\system32\WS2_32.dll
0x00007ffd19d70000 - 0x00007ffd19d9a000 	C:\Windows\SYSTEM32\WINMMBASE.dll
0x00007ffd206a0000 - 0x00007ffd206a9000 	C:\Windows\system32\NSI.dll
0x00007ffd1dda0000 - 0x00007ffd1ddef000 	C:\Windows\SYSTEM32\cfgmgr32.dll
0x00007ffd1c9b0000 - 0x00007ffd1c9d8000 	C:\Windows\SYSTEM32\DEVOBJ.dll
0x000000006a9b0000 - 0x000000006a9bf000 	C:\Program Files\Java\jre7\bin\verify.dll
0x000000006a980000 - 0x000000006a9a8000 	C:\Program Files\Java\jre7\bin\java.dll
0x000000006a960000 - 0x000000006a976000 	C:\Program Files\Java\jre7\bin\zip.dll
0x000000006a740000 - 0x000000006a8d5000 	C:\Program Files\Java\jre7\bin\awt.dll
0x00007ffd1fcf0000 - 0x00007ffd1fdb1000 	C:\Windows\system32\OLEAUT32.dll
0x00007ffd1bf20000 - 0x00007ffd1bf41000 	C:\Windows\system32\DWMAPI.DLL
0x00007ffd1c7f0000 - 0x00007ffd1c919000 	C:\Windows\system32\uxtheme.dll
0x00007ffd15fc0000 - 0x00007ffd1606b000 	C:\Program Files\Common Files\microsoft shared\ink\tiptsf.dll
0x00007ffd01970000 - 0x00007ffd019b8000 	C:\Program Files (x86)\TeamViewer\Version9\tv_x64.dll
0x00007ffd1a040000 - 0x00007ffd1a04a000 	C:\Windows\SYSTEM32\VERSION.dll
0x00007ffd1c920000 - 0x00007ffd1c92b000 	C:\Windows\SYSTEM32\kernel.appcore.dll
0x00007ffd1daf0000 - 0x00007ffd1dafb000 	C:\Windows\SYSTEM32\CRYPTBASE.dll
0x00007ffd1da80000 - 0x00007ffd1dae3000 	C:\Windows\SYSTEM32\bcryptPrimitives.dll
0x000000006a940000 - 0x000000006a95a000 	C:\Program Files\Java\jre7\bin\net.dll
0x00007ffd1d3c0000 - 0x00007ffd1d419000 	C:\Windows\system32\mswsock.dll
0x000000006a920000 - 0x000000006a931000 	C:\Program Files\Java\jre7\bin\nio.dll
0x000000006a6f0000 - 0x000000006a737000 	C:\Program Files\Java\jre7\bin\fontmanager.dll
0x000000006a6a0000 - 0x000000006a6e1000 	C:\Program Files\Java\jre7\bin\t2k.dll
0x0000000180000000 - 0x0000000180025000 	C:\Users\Johannes\Desktop\eclipse\RXTX64\rxtxSerial.dll
0x00007ffd1e390000 - 0x00007ffd1e446000 	C:\Windows\SYSTEM32\clbcatq.dll
0x00007ffd1b740000 - 0x00007ffd1b8ee000 	C:\Windows\SYSTEM32\WindowsCodecs.dll
0x00007ffd1d420000 - 0x00007ffd1d440000 	C:\Windows\SYSTEM32\CRYPTSP.dll
0x00007ffd1d040000 - 0x00007ffd1d076000 	C:\Windows\system32\rsaenh.dll
0x00007ffd1d740000 - 0x00007ffd1d766000 	C:\Windows\SYSTEM32\bcrypt.dll
0x00007ffd19c30000 - 0x00007ffd19c9a000 	C:\Windows\SYSTEM32\oleacc.dll
0x00007ffd07430000 - 0x00007ffd075b9000 	C:\Windows\SYSTEM32\dbghelp.dll

VM Arguments:
jvm_args: -Djava.library.path=C:\Users\Johannes\Desktop\eclipse\RXTX64\;%PATH% -Dfile.encoding=Cp1252 
java_command: UserGUI.InterfaceManager
Launcher Type: SUN_STANDARD

Environment Variables:
PATH=C:\Program Files (x86)\NVIDIA Corporation\PhysX\Common;C:\Program Files (x86)\Intel\iCLS Client\;C:\Program Files\Intel\iCLS Client\;C:\Windows\system32;C:\Windows;C:\Windows\System32\Wbem;C:\Windows\System32\WindowsPowerShell\v1.0\;C:\Program Files\Hewlett-Packard\SimplePass\;C:\Program Files\Intel\Intel(R) Management Engine Components\DAL;C:\Program Files\Intel\Intel(R) Management Engine Components\IPT;C:\Program Files (x86)\Intel\Intel(R) Management Engine Components\DAL;C:\Program Files (x86)\Intel\Intel(R) Management Engine Components\IPT;C:\Program Files\Intel\WiFi\bin\;C:\Program Files\Common Files\Intel\WirelessCommon\
USERNAME=Johannes
OS=Windows_NT
PROCESSOR_IDENTIFIER=Intel64 Family 6 Model 69 Stepping 1, GenuineIntel



---------------  S Y S T E M  ---------------

OS: Windows 8.1 , 64 bit Build 9600 

CPU:total 4 (2 cores per cpu, 2 threads per core) family 6 model 69 stepping 1, cmov, cx8, fxsr, mmx, sse, sse2, sse3, ssse3, sse4.1, sse4.2, popcnt, avx, avx2, aes, erms, ht, tsc, tscinvbit

Memory: 4k page, physical 12511384k(6675224k free), swap 14411928k(8024476k free)

vm_info: Java HotSpot(TM) 64-Bit Server VM (24.80-b07) for windows-amd64 JRE (1.7.0_80-ea-b05), built on Jan 20 2015 23:50:27 by "java_re" with unknown MS VC++:1600

time: Tue Jul 14 16:18:17 2015
elapsed time: 46 seconds

