#
# A fatal error has been detected by the Java Runtime Environment:
#
#  EXCEPTION_ACCESS_VIOLATION (0xc0000005) at pc=0x0000000180005b6b, pid=14748, tid=9708
#
# JRE version: Java(TM) SE Runtime Environment (7.0_80-b05) (build 1.7.0_80-ea-b05)
# Java VM: Java HotSpot(TM) 64-Bit Server VM (24.80-b07 mixed mode windows-amd64 compressed oops)
# Problematic frame:
# C  [rxtxSerial.dll+0x5b6b]
#
# Failed to write core dump. Minidumps are not enabled by default on client versions of Windows
#
# If you would like to submit a bug report, please visit:
#   http://bugreport.java.com/bugreport/crash.jsp
# The crash happened outside the Java Virtual Machine in native code.
# See problematic frame for where to report the bug.
#

---------------  T H R E A D  ---------------

Current thread (0x000000000e679000):  JavaThread "Thread-5" [_thread_in_native, id=9708, stack(0x0000000011090000,0x0000000011190000)]

siginfo: ExceptionCode=0xc0000005, writing address 0x000000001128eff8

Registers:
RAX=0x00000000ffffffff, RBX=0x0000000000000000, RCX=0x0000000000000000, RDX=0x0000000000000000
RSP=0x000000001118f570, RBP=0x00000000ffffffff, RSI=0x0000000000000003, RDI=0x0000000000000001
R8 =0x000000001118f050, R9 =0x0000000180000000, R10=0x0000000000000000, R11=0x0000000000000200
R12=0x000000001128eff0, R13=0x0000000000000001, R14=0x0000000000000000, R15=0x0000000000000000
RIP=0x0000000180005b6b, EFLAGS=0x0000000000010286

Top of Stack: (sp=0x000000001118f570)
0x000000001118f570:   0000000000000000 0000000000000000
0x000000001118f580:   0000000000000000 0000000000000000
0x000000001118f590:   000000000e679000 000000001118f710
0x000000001118f5a0:   000000073c74b618 000000001118f710
0x000000001118f5b0:   ffffffffffffffff 0000000000000001
0x000000001118f5c0:   000000000ea048e8 0000000180005f3f
0x000000001118f5d0:   000000000e6791e8 000000000e6791e8
0x000000001118f5e0:   0000000000000001 000000001118f600
0x000000001118f5f0:   0000000000000001 00000000ffffffff
0x000000001118f600:   000000000e679000 000000001118f710
0x000000001118f610:   000000000e6e2ff8 000000073c9ea118
0x000000001118f620:   0000000000011b04 000000000e679000
0x000000001118f630:   00000007c22c8e10 000000006aa92f61
0x000000001118f640:   000000000e6e2ff8 0000000000000001
0x000000001118f650:   0000bab23645abcd 000000006aa85878
0x000000001118f660:   0000000000000000 0000000000000000 

Instructions: (pc=0x0000000180005b6b)
0x0000000180005b4b:   31 00 00 85 c0 78 33 74 06 03 d8 2b f8 eb 0a b9
0x0000000180005b5b:   e8 03 00 00 e8 1c 1c 00 00 41 3b dd 7c b7 8b c3
0x0000000180005b6b:   45 89 74 24 08 48 8b 5c 24 60 48 83 c4 20 41 5f
0x0000000180005b7b:   41 5e 41 5d 41 5c 5f 5e 5d c3 e8 1e 61 00 00 83 


Register to memory mapping:

RAX=0x00000000ffffffff is an unknown value
RBX=0x0000000000000000 is an unknown value
RCX=0x0000000000000000 is an unknown value
RDX=0x0000000000000000 is an unknown value
RSP=0x000000001118f570 is pointing into the stack for thread: 0x000000000e679000
RBP=0x00000000ffffffff is an unknown value
RSI=0x0000000000000003 is an unknown value
RDI=0x0000000000000001 is an unknown value
R8 =0x000000001118f050 is pointing into the stack for thread: 0x000000000e679000
R9 =0x0000000180000000 is an unknown value
R10=0x0000000000000000 is an unknown value
R11=0x0000000000000200 is an unknown value
R12=0x000000001128eff0 is an unknown value
R13=0x0000000000000001 is an unknown value
R14=0x0000000000000000 is an unknown value
R15=0x0000000000000000 is an unknown value


Stack: [0x0000000011090000,0x0000000011190000],  sp=0x000000001118f570,  free space=1021k
Native frames: (J=compiled Java code, j=interpreted, Vv=VM code, C=native code)
C  [rxtxSerial.dll+0x5b6b]

Java frames: (J=compiled Java code, j=interpreted, Vv=VM code)
j  gnu.io.RXTXPort.readByte()I+0
j  gnu.io.RXTXPort$SerialInputStream.read()I+81
j  Manage.InterfaceCommunication.run()V+61
j  java.lang.Thread.run()V+11
v  ~StubRoutines::call_stub

---------------  P R O C E S S  ---------------

Java Threads: ( => current thread )
=>0x000000000e679000 JavaThread "Thread-5" [_thread_in_native, id=9708, stack(0x0000000011090000,0x0000000011190000)]
  0x000000000ea05800 JavaThread "TimerQueue" daemon [_thread_blocked, id=12488, stack(0x0000000010e90000,0x0000000010f90000)]
  0x0000000002370800 JavaThread "DestroyJavaVM" [_thread_blocked, id=21984, stack(0x0000000002260000,0x0000000002360000)]
  0x000000000e9f7000 JavaThread "Thread-2" [_thread_blocked, id=15140, stack(0x00000000104d0000,0x00000000105d0000)]
  0x000000000e968000 JavaThread "Thread-1" [_thread_blocked, id=18868, stack(0x000000000fbd0000,0x000000000fcd0000)]
  0x000000000e6e0000 JavaThread "AWT-EventQueue-0" [_thread_blocked, id=22104, stack(0x000000000fad0000,0x000000000fbd0000)]
  0x000000000ccdc800 JavaThread "AWT-Windows" daemon [_thread_in_native, id=24332, stack(0x000000000f1e0000,0x000000000f2e0000)]
  0x000000000ccdc000 JavaThread "AWT-Shutdown" [_thread_blocked, id=13908, stack(0x000000000f0e0000,0x000000000f1e0000)]
  0x000000000cd12000 JavaThread "Java2D Disposer" daemon [_thread_blocked, id=12572, stack(0x000000000efe0000,0x000000000f0e0000)]
  0x000000000ccc0000 JavaThread "Service Thread" daemon [_thread_blocked, id=10204, stack(0x000000000e410000,0x000000000e510000)]
  0x000000000ccb7000 JavaThread "C2 CompilerThread1" daemon [_thread_blocked, id=14772, stack(0x000000000e310000,0x000000000e410000)]
  0x000000000ccac000 JavaThread "C2 CompilerThread0" daemon [_thread_blocked, id=5032, stack(0x000000000e210000,0x000000000e310000)]
  0x000000000ccab000 JavaThread "Attach Listener" daemon [_thread_blocked, id=18964, stack(0x000000000e110000,0x000000000e210000)]
  0x000000000cca8000 JavaThread "Signal Dispatcher" daemon [_thread_blocked, id=17740, stack(0x000000000e010000,0x000000000e110000)]
  0x000000000cc6e000 JavaThread "Finalizer" daemon [_thread_blocked, id=10604, stack(0x000000000df10000,0x000000000e010000)]
  0x000000000cc64000 JavaThread "Reference Handler" daemon [_thread_blocked, id=21776, stack(0x000000000de10000,0x000000000df10000)]

Other Threads:
  0x000000000cc60000 VMThread [stack: 0x000000000dd10000,0x000000000de10000] [id=20764]
  0x000000000ccc9000 WatcherThread [stack: 0x000000000e510000,0x000000000e610000] [id=5952]

VM state:not at safepoint (normal execution)

VM Mutex/Monitor currently owned by a thread: None

Heap
 PSYoungGen      total 57344K, used 34250K [0x00000007c0500000, 0x00000007c4500000, 0x0000000800000000)
  eden space 49152K, 63% used [0x00000007c0500000,0x00000007c23566b0,0x00000007c3500000)
  from space 8192K, 38% used [0x00000007c3500000,0x00000007c381c4f0,0x00000007c3d00000)
  to   space 8192K, 0% used [0x00000007c3d00000,0x00000007c3d00000,0x00000007c4500000)
 ParOldGen       total 130048K, used 8K [0x0000000741000000, 0x0000000748f00000, 0x00000007c0500000)
  object space 130048K, 0% used [0x0000000741000000,0x0000000741002000,0x0000000748f00000)
 PSPermGen       total 21504K, used 12347K [0x000000073be00000, 0x000000073d300000, 0x0000000741000000)
  object space 21504K, 57% used [0x000000073be00000,0x000000073ca0efb8,0x000000073d300000)

Card table byte_map: [0x0000000005470000,0x0000000005aa0000] byte_map_base: 0x0000000001a91000

Polling page: 0x0000000000910000

Code Cache  [0x0000000002470000, 0x00000000026e0000, 0x0000000005470000)
 total_blobs=894 nmethods=451 adapters=395 free_code_cache=47811Kb largest_free_block=48921344

Compilation events (10 events):
Event: 958.480 Thread 0x000000000ccb7000  453             javax.swing.text.AbstractDocument::handleRemove (123 bytes)
Event: 958.583 Thread 0x000000000ccb7000 nmethod 453 0x00000000025c3ad0 code [0x00000000025c3dc0, 0x00000000025c5150]
Event: 961.248 Thread 0x000000000ccac000  454             javax.swing.text.View::preferenceChanged (20 bytes)
Event: 961.252 Thread 0x000000000ccac000 nmethod 454 0x00000000025c36d0 code [0x00000000025c3820, 0x00000000025c3928]
Event: 964.362 Thread 0x000000000ccb7000  455             javax.swing.text.Segment::next (41 bytes)
Event: 964.364 Thread 0x000000000ccb7000 nmethod 455 0x00000000025c33d0 code [0x00000000025c3500, 0x00000000025c35d8]
Event: 967.955 Thread 0x000000000ccac000  456   !         javax.swing.text.AbstractDocument::remove (49 bytes)
Event: 967.965 Thread 0x000000000ccac000 nmethod 456 0x00000000025c2810 code [0x00000000025c2980, 0x00000000025c3108]
Event: 968.206 Thread 0x000000000ccb7000  457   !         javax.swing.text.AbstractDocument::insertUpdate (117 bytes)
Event: 968.236 Thread 0x000000000ccb7000 nmethod 457 0x00000000025c6f10 code [0x00000000025c7100, 0x00000000025c7970]

GC Heap History (2 events):
Event: 609.902 GC heap before
{Heap before GC invocations=1 (full 0):
 PSYoungGen      total 57344K, used 49152K [0x00000007c0500000, 0x00000007c4500000, 0x0000000800000000)
  eden space 49152K, 100% used [0x00000007c0500000,0x00000007c3500000,0x00000007c3500000)
  from space 8192K, 0% used [0x00000007c3d00000,0x00000007c3d00000,0x00000007c4500000)
  to   space 8192K, 0% used [0x00000007c3500000,0x00000007c3500000,0x00000007c3d00000)
 ParOldGen       total 130048K, used 0K [0x0000000741000000, 0x0000000748f00000, 0x00000007c0500000)
  object space 130048K, 0% used [0x0000000741000000,0x0000000741000000,0x0000000748f00000)
 PSPermGen       total 21504K, used 12335K [0x000000073be00000, 0x000000073d300000, 0x0000000741000000)
  object space 21504K, 57% used [0x000000073be00000,0x000000073ca0bc90,0x000000073d300000)
Event: 609.923 GC heap after
Heap after GC invocations=1 (full 0):
 PSYoungGen      total 57344K, used 3185K [0x00000007c0500000, 0x00000007c4500000, 0x0000000800000000)
  eden space 49152K, 0% used [0x00000007c0500000,0x00000007c0500000,0x00000007c3500000)
  from space 8192K, 38% used [0x00000007c3500000,0x00000007c381c4f0,0x00000007c3d00000)
  to   space 8192K, 0% used [0x00000007c3d00000,0x00000007c3d00000,0x00000007c4500000)
 ParOldGen       total 130048K, used 8K [0x0000000741000000, 0x0000000748f00000, 0x00000007c0500000)
  object space 130048K, 0% used [0x0000000741000000,0x0000000741002000,0x0000000748f00000)
 PSPermGen       total 21504K, used 12335K [0x000000073be00000, 0x000000073d300000, 0x0000000741000000)
  object space 21504K, 57% used [0x000000073be00000,0x000000073ca0bc90,0x000000073d300000)
}

Deoptimization events (10 events):
Event: 985.158 Thread 0x000000000e6e0000 Uncommon trap: reason=class_check action=maybe_recompile pc=0x000000000253fc98 method=javax.swing.JComponent._paintImmediately(IIII)V @ 81
Event: 985.159 Thread 0x000000000e6e0000 Uncommon trap: reason=bimorphic action=maybe_recompile pc=0x0000000002523f9c method=javax.swing.SwingUtilities.getWindowAncestor(Ljava/awt/Component;)Ljava/awt/Window; @ 1
Event: 985.160 Thread 0x000000000e6e0000 Uncommon trap: reason=bimorphic action=maybe_recompile pc=0x0000000002523f9c method=javax.swing.SwingUtilities.getWindowAncestor(Ljava/awt/Component;)Ljava/awt/Window; @ 1
Event: 985.160 Thread 0x000000000e6e0000 Uncommon trap: reason=unstable_if action=reinterpret pc=0x000000000252c42c method=java.awt.geom.AffineTransform.translate(DD)V @ 532
Event: 985.162 Thread 0x000000000e6e0000 Uncommon trap: reason=class_check action=maybe_recompile pc=0x00000000025a609c method=javax.swing.JComponent.getInsets()Ljava/awt/Insets; @ 12
Event: 985.162 Thread 0x000000000e6e0000 Uncommon trap: reason=class_check action=maybe_recompile pc=0x00000000025ad6f4 method=javax.swing.text.PlainView.paint(Ljava/awt/Graphics;Ljava/awt/Shape;)V @ 4
Event: 985.162 Thread 0x000000000e6e0000 Uncommon trap: reason=unstable_if action=reinterpret pc=0x0000000002552824 method=javax.swing.text.Utilities.drawTabbedText(Ljavax/swing/text/View;Ljavax/swing/text/Segment;IILjava/awt/Graphics;Ljavax/swing/text/TabExpander;I[I)I @ 335
Event: 985.162 Thread 0x000000000e6e0000 Uncommon trap: reason=unstable_if action=reinterpret pc=0x000000000253d17c method=sun.font.FileFontStrike.getSlot0GlyphImagePtrs([I[JI)I @ 22
Event: 985.165 Thread 0x000000000e6e0000 Uncommon trap: reason=class_check action=maybe_recompile pc=0x00000000025893b4 method=javax.swing.RepaintManager.paintDirtyRegions(Ljava/util/Map;)V @ 51
Event: 985.165 Thread 0x000000000e6e0000 Uncommon trap: reason=class_check action=maybe_recompile pc=0x000000000253fc98 method=javax.swing.JComponent._paintImmediately(IIII)V @ 81

Internal exceptions (10 events):
Event: 10.847 Thread 0x000000000ea0e000 Threw 0x00000007c11bb9d8 at C:\re\jdk7u80\2061.nc\hotspot\src\share\vm\prims\jni.cpp:717
Event: 10.849 Thread 0x000000000e6e0000 Threw 0x00000007c11131d0 at C:\re\jdk7u80\2061.nc\hotspot\src\share\vm\prims\jvm.cpp:1319
Event: 10.854 Thread 0x000000000ea0e000 Threw 0x00000007c11cb848 at C:\re\jdk7u80\2061.nc\hotspot\src\share\vm\prims\jvm.cpp:1319
Event: 10.856 Thread 0x000000000ea0e000 Threw 0x00000007c11cf458 at C:\re\jdk7u80\2061.nc\hotspot\src\share\vm\prims\jvm.cpp:1319
Event: 10.858 Thread 0x000000000ea0e000 Threw 0x00000007c11d4000 at C:\re\jdk7u80\2061.nc\hotspot\src\share\vm\prims\jvm.cpp:1319
Event: 10.859 Thread 0x000000000ea0e000 Threw 0x00000007c11d7c48 at C:\re\jdk7u80\2061.nc\hotspot\src\share\vm\prims\jvm.cpp:1319
Event: 10.863 Thread 0x000000000ea0e000 Threw 0x00000007c11dab60 at C:\re\jdk7u80\2061.nc\hotspot\src\share\vm\prims\jvm.cpp:1319
Event: 11.856 Thread 0x000000000e679000 Threw 0x00000007c1391998 at C:\re\jdk7u80\2061.nc\hotspot\src\share\vm\interpreter\linkResolver.cpp:892
Event: 61.729 Thread 0x000000000e968000 Implicit null exception at 0x00000000025200f8 to 0x000000000252040c
Event: 959.044 Thread 0x000000000e6e0000 Implicit null exception at 0x0000000002595d2c to 0x0000000002595d81

Events (10 events):
Event: 985.162 Thread 0x000000000e6e0000 DEOPT UNPACKING pc=0x00000000024a75a4 sp=0x000000000fbcc508 mode 2
Event: 985.162 Thread 0x000000000e6e0000 Uncommon trap: trap_request=0xffffff75 fr.pc=0x000000000253d17c
Event: 985.162 Thread 0x000000000e6e0000 DEOPT PACKING pc=0x000000000253d17c sp=0x000000000fbcc0b0
Event: 985.162 Thread 0x000000000e6e0000 DEOPT UNPACKING pc=0x00000000024a75a4 sp=0x000000000fbcc068 mode 2
Event: 985.165 Thread 0x000000000e6e0000 Uncommon trap: trap_request=0xffffffde fr.pc=0x00000000025893b4
Event: 985.165 Thread 0x000000000e6e0000 DEOPT PACKING pc=0x00000000025893b4 sp=0x000000000fbce570
Event: 985.165 Thread 0x000000000e6e0000 DEOPT UNPACKING pc=0x00000000024a75a4 sp=0x000000000fbce518 mode 2
Event: 985.165 Thread 0x000000000e6e0000 Uncommon trap: trap_request=0xffffffde fr.pc=0x000000000253fc98
Event: 985.165 Thread 0x000000000e6e0000 DEOPT PACKING pc=0x000000000253fc98 sp=0x000000000fbcd7a0
Event: 985.165 Thread 0x000000000e6e0000 DEOPT UNPACKING pc=0x00000000024a75a4 sp=0x000000000fbcd708 mode 2


Dynamic libraries:
0x00007ff669060000 - 0x00007ff669093000 	C:\Program Files\Java\jre7\bin\javaw.exe
0x00007ffd20a60000 - 0x00007ffd20c0c000 	C:\Windows\SYSTEM32\ntdll.dll
0x00007ffd1e5e0000 - 0x00007ffd1e71e000 	C:\Windows\system32\KERNEL32.DLL
0x00007ffd1dc80000 - 0x00007ffd1dd95000 	C:\Windows\system32\KERNELBASE.dll
0x00007ffd1c750000 - 0x00007ffd1c7de000 	C:\Windows\system32\apphelp.dll
0x00007ffd114b0000 - 0x00007ffd11503000 	C:\Windows\AppPatch\AppPatch64\AcGenral.DLL
0x00007ffd1e100000 - 0x00007ffd1e1aa000 	C:\Windows\system32\msvcrt.dll
0x00007ffd1da50000 - 0x00007ffd1da7e000 	C:\Windows\SYSTEM32\SspiCli.dll
0x00007ffd20410000 - 0x00007ffd20464000 	C:\Windows\system32\SHLWAPI.dll
0x00007ffd1fdc0000 - 0x00007ffd1ff37000 	C:\Windows\system32\USER32.dll
0x00007ffd206c0000 - 0x00007ffd20854000 	C:\Windows\system32\ole32.dll
0x00007ffd1e720000 - 0x00007ffd1fc38000 	C:\Windows\system32\SHELL32.dll
0x00007ffd1d150000 - 0x00007ffd1d171000 	C:\Windows\SYSTEM32\USERENV.dll
0x00007ffd1fc40000 - 0x00007ffd1fcea000 	C:\Windows\system32\ADVAPI32.dll
0x00007ffd0c8d0000 - 0x00007ffd0c8ee000 	C:\Windows\SYSTEM32\MPR.dll
0x00007ffd202c0000 - 0x00007ffd20401000 	C:\Windows\system32\RPCRT4.dll
0x00007ffd20260000 - 0x00007ffd202b9000 	C:\Windows\SYSTEM32\sechost.dll
0x00007ffd20480000 - 0x00007ffd20691000 	C:\Windows\SYSTEM32\combase.dll
0x00007ffd1ff40000 - 0x00007ffd20091000 	C:\Windows\system32\GDI32.dll
0x00007ffd1dbb0000 - 0x00007ffd1dbc5000 	C:\Windows\SYSTEM32\profapi.dll
0x00007ffd1c120000 - 0x00007ffd1c1d2000 	C:\Windows\SYSTEM32\SHCORE.dll
0x00007ffd20a10000 - 0x00007ffd20a46000 	C:\Windows\system32\IMM32.DLL
0x00007ffd200a0000 - 0x00007ffd201f2000 	C:\Windows\system32\MSCTF.dll
0x00007ffd1bc80000 - 0x00007ffd1befa000 	C:\Windows\WinSxS\amd64_microsoft.windows.common-controls_6595b64144ccf1df_6.0.9600.17810_none_6240b9c7ecbd0bda\COMCTL32.dll
0x000000006b1a0000 - 0x000000006b272000 	C:\Program Files\Java\jre7\bin\msvcr100.dll
0x000000006a9c0000 - 0x000000006b198000 	C:\Program Files\Java\jre7\bin\server\jvm.dll
0x00007ffd0ed90000 - 0x00007ffd0ed99000 	C:\Windows\SYSTEM32\WSOCK32.dll
0x00007ffd1a010000 - 0x00007ffd1a032000 	C:\Windows\SYSTEM32\WINMM.dll
0x00007ffd20a50000 - 0x00007ffd20a57000 	C:\Windows\system32\PSAPI.DLL
0x00007ffd1e450000 - 0x00007ffd1e4aa000 	C:\Windows\system32\WS2_32.dll
0x00007ffd19d70000 - 0x00007ffd19d9a000 	C:\Windows\SYSTEM32\WINMMBASE.dll
0x00007ffd206a0000 - 0x00007ffd206a9000 	C:\Windows\system32\NSI.dll
0x00007ffd1dda0000 - 0x00007ffd1ddef000 	C:\Windows\SYSTEM32\cfgmgr32.dll
0x00007ffd1c9b0000 - 0x00007ffd1c9d8000 	C:\Windows\SYSTEM32\DEVOBJ.dll
0x000000006a9b0000 - 0x000000006a9bf000 	C:\Program Files\Java\jre7\bin\verify.dll
0x000000006a980000 - 0x000000006a9a8000 	C:\Program Files\Java\jre7\bin\java.dll
0x000000006a960000 - 0x000000006a976000 	C:\Program Files\Java\jre7\bin\zip.dll
0x000000006a740000 - 0x000000006a8d5000 	C:\Program Files\Java\jre7\bin\awt.dll
0x00007ffd1fcf0000 - 0x00007ffd1fdb1000 	C:\Windows\system32\OLEAUT32.dll
0x00007ffd1bf20000 - 0x00007ffd1bf41000 	C:\Windows\system32\DWMAPI.DLL
0x00007ffd1c7f0000 - 0x00007ffd1c919000 	C:\Windows\system32\uxtheme.dll
0x00007ffd15fc0000 - 0x00007ffd1606b000 	C:\Program Files\Common Files\microsoft shared\ink\tiptsf.dll
0x00007ffd01970000 - 0x00007ffd019b8000 	C:\Program Files (x86)\TeamViewer\Version9\tv_x64.dll
0x00007ffd1a040000 - 0x00007ffd1a04a000 	C:\Windows\SYSTEM32\VERSION.dll
0x00007ffd1c920000 - 0x00007ffd1c92b000 	C:\Windows\SYSTEM32\kernel.appcore.dll
0x00007ffd1daf0000 - 0x00007ffd1dafb000 	C:\Windows\SYSTEM32\CRYPTBASE.dll
0x00007ffd1da80000 - 0x00007ffd1dae3000 	C:\Windows\SYSTEM32\bcryptPrimitives.dll
0x000000006a940000 - 0x000000006a95a000 	C:\Program Files\Java\jre7\bin\net.dll
0x00007ffd1d3c0000 - 0x00007ffd1d419000 	C:\Windows\system32\mswsock.dll
0x000000006a920000 - 0x000000006a931000 	C:\Program Files\Java\jre7\bin\nio.dll
0x0000000180000000 - 0x0000000180025000 	C:\Users\Johannes\Desktop\eclipse\RXTX64\rxtxSerial.dll
0x000000006a6f0000 - 0x000000006a737000 	C:\Program Files\Java\jre7\bin\fontmanager.dll
0x000000006a6a0000 - 0x000000006a6e1000 	C:\Program Files\Java\jre7\bin\t2k.dll
0x00007ffd1e390000 - 0x00007ffd1e446000 	C:\Windows\SYSTEM32\clbcatq.dll
0x00007ffd1b740000 - 0x00007ffd1b8ee000 	C:\Windows\SYSTEM32\WindowsCodecs.dll
0x00007ffd1d420000 - 0x00007ffd1d440000 	C:\Windows\SYSTEM32\CRYPTSP.dll
0x00007ffd1d040000 - 0x00007ffd1d076000 	C:\Windows\system32\rsaenh.dll
0x00007ffd1d740000 - 0x00007ffd1d766000 	C:\Windows\SYSTEM32\bcrypt.dll
0x00007ffd19c30000 - 0x00007ffd19c9a000 	C:\Windows\SYSTEM32\oleacc.dll
0x00007ffd07430000 - 0x00007ffd075b9000 	C:\Windows\SYSTEM32\dbghelp.dll

VM Arguments:
jvm_args: -Djava.library.path=C:\Users\Johannes\Desktop\eclipse\RXTX64\;%PATH% -Dfile.encoding=Cp1252 
java_command: UserGUI.InterfaceManager
Launcher Type: SUN_STANDARD

Environment Variables:
PATH=C:\Program Files (x86)\NVIDIA Corporation\PhysX\Common;C:\Program Files (x86)\Intel\iCLS Client\;C:\Program Files\Intel\iCLS Client\;C:\Windows\system32;C:\Windows;C:\Windows\System32\Wbem;C:\Windows\System32\WindowsPowerShell\v1.0\;C:\Program Files\Hewlett-Packard\SimplePass\;C:\Program Files\Intel\Intel(R) Management Engine Components\DAL;C:\Program Files\Intel\Intel(R) Management Engine Components\IPT;C:\Program Files (x86)\Intel\Intel(R) Management Engine Components\DAL;C:\Program Files (x86)\Intel\Intel(R) Management Engine Components\IPT;C:\Program Files\Intel\WiFi\bin\;C:\Program Files\Common Files\Intel\WirelessCommon\
USERNAME=Johannes
OS=Windows_NT
PROCESSOR_IDENTIFIER=Intel64 Family 6 Model 69 Stepping 1, GenuineIntel



---------------  S Y S T E M  ---------------

OS: Windows 8.1 , 64 bit Build 9600 

CPU:total 4 (2 cores per cpu, 2 threads per core) family 6 model 69 stepping 1, cmov, cx8, fxsr, mmx, sse, sse2, sse3, ssse3, sse4.1, sse4.2, popcnt, avx, avx2, aes, erms, ht, tsc, tscinvbit

Memory: 4k page, physical 12511384k(8170208k free), swap 14411928k(9527352k free)

vm_info: Java HotSpot(TM) 64-Bit Server VM (24.80-b07) for windows-amd64 JRE (1.7.0_80-ea-b05), built on Jan 20 2015 23:50:27 by "java_re" with unknown MS VC++:1600

time: Thu Jul 09 12:17:56 2015
elapsed time: 985 seconds

