#
# A fatal error has been detected by the Java Runtime Environment:
#
#  EXCEPTION_ACCESS_VIOLATION (0xc0000005) at pc=0x0000000180005b6b, pid=27132, tid=9168
#
# JRE version: Java(TM) SE Runtime Environment (7.0_80-b05) (build 1.7.0_80-ea-b05)
# Java VM: Java HotSpot(TM) 64-Bit Server VM (24.80-b07 mixed mode windows-amd64 compressed oops)
# Problematic frame:
# C  [rxtxSerial.dll+0x5b6b]
#
# Failed to write core dump. Minidumps are not enabled by default on client versions of Windows
#
# If you would like to submit a bug report, please visit:
#   http://bugreport.java.com/bugreport/crash.jsp
# The crash happened outside the Java Virtual Machine in native code.
# See problematic frame for where to report the bug.
#

---------------  T H R E A D  ---------------

Current thread (0x000000000ed36800):  JavaThread "Thread-5" [_thread_in_native, id=9168, stack(0x0000000011500000,0x0000000011600000)]

siginfo: ExceptionCode=0xc0000005, writing address 0x00000000116ff088

Registers:
RAX=0x00000000ffffffff, RBX=0x0000000000000000, RCX=0x0000000000000000, RDX=0x0000000000000000
RSP=0x00000000115ff640, RBP=0x00000000ffffffff, RSI=0x0000000000000005, RDI=0x0000000000000001
R8 =0x00000000115ff120, R9 =0x0000000180000000, R10=0x0000000000000000, R11=0x0000000000000200
R12=0x00000000116ff080, R13=0x0000000000000001, R14=0x0000000000000000, R15=0x0000000000000000
RIP=0x0000000180005b6b, EFLAGS=0x0000000000010286

Top of Stack: (sp=0x00000000115ff640)
0x00000000115ff640:   0000000000000000 0000000000000000
0x00000000115ff650:   0000000000000000 0000000000000000
0x00000000115ff660:   000000000ed36800 00000000115ff7e0
0x00000000115ff670:   000000073c74b4f8 00000000115ff7e0
0x00000000115ff680:   ffffffffffffffff 0000000000000001
0x00000000115ff690:   0000000010073658 0000000180005f3f
0x00000000115ff6a0:   000000000ed369e8 000000000ed369e8
0x00000000115ff6b0:   0000000000000001 00000000115ff6d0
0x00000000115ff6c0:   0000000000000001 00000000ffffffff
0x00000000115ff6d0:   000000006af35319 00000000115ff7e0
0x00000000115ff6e0:   00000007c13b3848 000000006aa92f61
0x00000000115ff6f0:   000000000eb72138 0000000000000001
0x00000000115ff700:   000000000ed36800 000000006aa9d71f
0x00000000115ff710:   000000000ed36800 000000006aad9894
0x00000000115ff720:   0000bab69d1536b8 0000000002917463
0x00000000115ff730:   0000000000000000 0000000000000000 

Instructions: (pc=0x0000000180005b6b)
0x0000000180005b4b:   31 00 00 85 c0 78 33 74 06 03 d8 2b f8 eb 0a b9
0x0000000180005b5b:   e8 03 00 00 e8 1c 1c 00 00 41 3b dd 7c b7 8b c3
0x0000000180005b6b:   45 89 74 24 08 48 8b 5c 24 60 48 83 c4 20 41 5f
0x0000000180005b7b:   41 5e 41 5d 41 5c 5f 5e 5d c3 e8 1e 61 00 00 83 


Register to memory mapping:

RAX=0x00000000ffffffff is an unknown value
RBX=0x0000000000000000 is an unknown value
RCX=0x0000000000000000 is an unknown value
RDX=0x0000000000000000 is an unknown value
RSP=0x00000000115ff640 is pointing into the stack for thread: 0x000000000ed36800
RBP=0x00000000ffffffff is an unknown value
RSI=0x0000000000000005 is an unknown value
RDI=0x0000000000000001 is an unknown value
R8 =0x00000000115ff120 is pointing into the stack for thread: 0x000000000ed36800
R9 =0x0000000180000000 is an unknown value
R10=0x0000000000000000 is an unknown value
R11=0x0000000000000200 is an unknown value
R12=0x00000000116ff080 is an unknown value
R13=0x0000000000000001 is an unknown value
R14=0x0000000000000000 is an unknown value
R15=0x0000000000000000 is an unknown value


Stack: [0x0000000011500000,0x0000000011600000],  sp=0x00000000115ff640,  free space=1021k
Native frames: (J=compiled Java code, j=interpreted, Vv=VM code, C=native code)
C  [rxtxSerial.dll+0x5b6b]

Java frames: (J=compiled Java code, j=interpreted, Vv=VM code)
j  gnu.io.RXTXPort.readByte()I+0
j  gnu.io.RXTXPort$SerialInputStream.read()I+81
j  Manage.InterfaceCommunication.run()V+61
j  java.lang.Thread.run()V+11
v  ~StubRoutines::call_stub

---------------  P R O C E S S  ---------------

Java Threads: ( => current thread )
=>0x000000000ed36800 JavaThread "Thread-5" [_thread_in_native, id=9168, stack(0x0000000011500000,0x0000000011600000)]
  0x00000000100b9800 JavaThread "TimerQueue" daemon [_thread_blocked, id=18696, stack(0x0000000011300000,0x0000000011400000)]
  0x0000000002770800 JavaThread "DestroyJavaVM" [_thread_blocked, id=13128, stack(0x0000000002670000,0x0000000002770000)]
  0x0000000010052000 JavaThread "Thread-2" [_thread_blocked, id=9920, stack(0x0000000010940000,0x0000000010a40000)]
  0x0000000010051000 JavaThread "Thread-1" [_thread_blocked, id=15268, stack(0x0000000010840000,0x0000000010940000)]
  0x000000000ebc5800 JavaThread "AWT-EventQueue-0" [_thread_blocked, id=21184, stack(0x000000000fef0000,0x000000000fff0000)]
  0x000000000d15f000 JavaThread "AWT-Windows" daemon [_thread_in_native, id=9324, stack(0x000000000f5f0000,0x000000000f6f0000)]
  0x000000000d154800 JavaThread "AWT-Shutdown" [_thread_blocked, id=25508, stack(0x000000000f4f0000,0x000000000f5f0000)]
  0x000000000d153800 JavaThread "Java2D Disposer" daemon [_thread_blocked, id=9244, stack(0x000000000f3f0000,0x000000000f4f0000)]
  0x000000000d140000 JavaThread "Service Thread" daemon [_thread_blocked, id=14288, stack(0x000000000e8a0000,0x000000000e9a0000)]
  0x000000000d12e000 JavaThread "C2 CompilerThread1" daemon [_thread_blocked, id=23312, stack(0x000000000e7a0000,0x000000000e8a0000)]
  0x000000000d12c000 JavaThread "C2 CompilerThread0" daemon [_thread_blocked, id=20908, stack(0x000000000e6a0000,0x000000000e7a0000)]
  0x000000000d12b000 JavaThread "Attach Listener" daemon [_thread_blocked, id=13984, stack(0x000000000e5a0000,0x000000000e6a0000)]
  0x000000000d128000 JavaThread "Signal Dispatcher" daemon [_thread_blocked, id=4264, stack(0x000000000e4a0000,0x000000000e5a0000)]
  0x000000000d0ee000 JavaThread "Finalizer" daemon [_thread_blocked, id=16472, stack(0x000000000e3a0000,0x000000000e4a0000)]
  0x000000000d0e4000 JavaThread "Reference Handler" daemon [_thread_blocked, id=8060, stack(0x000000000e2a0000,0x000000000e3a0000)]

Other Threads:
  0x000000000d0e0000 VMThread [stack: 0x000000000e1a0000,0x000000000e2a0000] [id=17196]
  0x000000000d14a000 WatcherThread [stack: 0x000000000e9a0000,0x000000000eaa0000] [id=26304]

VM state:not at safepoint (normal execution)

VM Mutex/Monitor currently owned by a thread: None

Heap
 PSYoungGen      total 57344K, used 16876K [0x00000007c0500000, 0x00000007c4500000, 0x0000000800000000)
  eden space 49152K, 34% used [0x00000007c0500000,0x00000007c157b308,0x00000007c3500000)
  from space 8192K, 0% used [0x00000007c3d00000,0x00000007c3d00000,0x00000007c4500000)
  to   space 8192K, 0% used [0x00000007c3500000,0x00000007c3500000,0x00000007c3d00000)
 ParOldGen       total 130048K, used 0K [0x0000000741000000, 0x0000000748f00000, 0x00000007c0500000)
  object space 130048K, 0% used [0x0000000741000000,0x0000000741000000,0x0000000748f00000)
 PSPermGen       total 21504K, used 12082K [0x000000073be00000, 0x000000073d300000, 0x0000000741000000)
  object space 21504K, 56% used [0x000000073be00000,0x000000073c9cc988,0x000000073d300000)

Card table byte_map: [0x0000000005930000,0x0000000005f60000] byte_map_base: 0x0000000001f51000

Polling page: 0x0000000000d40000

Code Cache  [0x0000000002870000, 0x0000000002ae0000, 0x0000000005870000)
 total_blobs=560 nmethods=117 adapters=395 free_code_cache=48485Kb largest_free_block=49628160

Compilation events (10 events):
Event: 29.923 Thread 0x000000000d12c000 nmethod 111 0x0000000002916fd0 code [0x0000000002917120, 0x00000000029171b8]
Event: 29.923 Thread 0x000000000d12c000  114             javax.swing.text.GapContent::length (17 bytes)
Event: 29.923 Thread 0x000000000d12e000 nmethod 113 0x0000000002916dd0 code [0x0000000002916f00, 0x0000000002916f58]
Event: 29.925 Thread 0x000000000d12c000 nmethod 114 0x0000000002914690 code [0x00000000029147e0, 0x0000000002914878]
Event: 32.983 Thread 0x000000000d12e000  115             java.awt.geom.Rectangle2D::<init> (5 bytes)
Event: 32.983 Thread 0x000000000d12c000  116             java.awt.geom.RectangularShape::<init> (5 bytes)
Event: 32.984 Thread 0x000000000d12c000 nmethod 116 0x0000000002916bd0 code [0x0000000002916d00, 0x0000000002916d58]
Event: 32.984 Thread 0x000000000d12e000 nmethod 115 0x0000000002914490 code [0x00000000029145c0, 0x0000000002914618]
Event: 32.987 Thread 0x000000000d12c000  117             java.awt.Rectangle::<init> (26 bytes)
Event: 32.988 Thread 0x000000000d12c000 nmethod 117 0x0000000002914290 code [0x00000000029143c0, 0x0000000002914438]

GC Heap History (0 events):
No events

Deoptimization events (8 events):
Event: 0.978 Thread 0x0000000002770800 Uncommon trap: reason=null_check action=make_not_entrant pc=0x00000000028e59d4 method=java.lang.String.equals(Ljava/lang/Object;)Z @ 8
Event: 1.733 Thread 0x000000000ebc5800 Uncommon trap: reason=unstable_if action=reinterpret pc=0x00000000028fe354 method=java.util.ArrayList.indexOf(Ljava/lang/Object;)I @ 41
Event: 9.907 Thread 0x000000000ebc5800 Uncommon trap: reason=class_check action=maybe_recompile pc=0x00000000028e9408 method=java.lang.String.equals(Ljava/lang/Object;)Z @ 8
Event: 9.907 Thread 0x000000000ebc5800 Uncommon trap: reason=class_check action=maybe_recompile pc=0x00000000028e9408 method=java.lang.String.equals(Ljava/lang/Object;)Z @ 8
Event: 9.908 Thread 0x000000000ebc5800 Uncommon trap: reason=null_check action=make_not_entrant pc=0x00000000028fd5d0 method=java.awt.Component.isLightweight()Z @ 4
Event: 12.149 Thread 0x000000000ebc5800 Uncommon trap: reason=class_check action=maybe_recompile pc=0x00000000028e9408 method=java.lang.String.equals(Ljava/lang/Object;)Z @ 8
Event: 12.151 Thread 0x000000000ebc5800 Uncommon trap: reason=class_check action=maybe_recompile pc=0x00000000028e9408 method=java.lang.String.equals(Ljava/lang/Object;)Z @ 8
Event: 19.655 Thread 0x000000000ebc5800 Uncommon trap: reason=unstable_if action=reinterpret pc=0x000000000290a4e8 method=java.awt.Container.getMouseEventTargetImpl(IIZLjava/awt/Container$EventTargetFilter;ZZ)Ljava/awt/Component; @ 218

Internal exceptions (10 events):
Event: 17.117 Thread 0x000000000ebc5800 Threw 0x00000007c113d2b8 at C:\re\jdk7u80\2061.nc\hotspot\src\share\vm\prims\jvm.cpp:1319
Event: 17.119 Thread 0x00000000100b9000 Threw 0x00000007c11bb110 at C:\re\jdk7u80\2061.nc\hotspot\src\share\vm\prims\jni.cpp:717
Event: 17.119 Thread 0x000000000ebc5800 Threw 0x00000007c11407a0 at C:\re\jdk7u80\2061.nc\hotspot\src\share\vm\prims\jvm.cpp:1319
Event: 17.121 Thread 0x000000000ebc5800 Threw 0x00000007c1141fc8 at C:\re\jdk7u80\2061.nc\hotspot\src\share\vm\prims\jvm.cpp:1319
Event: 17.123 Thread 0x00000000100b9000 Threw 0x00000007c11caf80 at C:\re\jdk7u80\2061.nc\hotspot\src\share\vm\prims\jvm.cpp:1319
Event: 17.124 Thread 0x00000000100b9000 Threw 0x00000007c11ceb90 at C:\re\jdk7u80\2061.nc\hotspot\src\share\vm\prims\jvm.cpp:1319
Event: 17.126 Thread 0x00000000100b9000 Threw 0x00000007c11d3738 at C:\re\jdk7u80\2061.nc\hotspot\src\share\vm\prims\jvm.cpp:1319
Event: 17.128 Thread 0x00000000100b9000 Threw 0x00000007c11d7380 at C:\re\jdk7u80\2061.nc\hotspot\src\share\vm\prims\jvm.cpp:1319
Event: 17.132 Thread 0x00000000100b9000 Threw 0x00000007c11da298 at C:\re\jdk7u80\2061.nc\hotspot\src\share\vm\prims\jvm.cpp:1319
Event: 18.125 Thread 0x000000000ed36800 Threw 0x00000007c13910a8 at C:\re\jdk7u80\2061.nc\hotspot\src\share\vm\interpreter\linkResolver.cpp:892

Events (10 events):
Event: 19.655 Thread 0x000000000ebc5800 Uncommon trap: trap_request=0xffffff75 fr.pc=0x000000000290a4e8
Event: 19.655 Thread 0x000000000ebc5800 DEOPT PACKING pc=0x000000000290a4e8 sp=0x000000000ffed710
Event: 19.655 Thread 0x000000000ebc5800 DEOPT UNPACKING pc=0x00000000028a75a4 sp=0x000000000ffed6c8 mode 2
Event: 33.361 Executing VM operation: RevokeBias
Event: 33.361 Executing VM operation: RevokeBias done
Event: 33.608 Executing VM operation: RevokeBias
Event: 33.608 Executing VM operation: RevokeBias done
Event: 34.610 Executing VM operation: RevokeBias
Event: 34.610 Executing VM operation: RevokeBias done
Event: 34.657 Thread 0x000000000ed37000 Thread exited: 0x000000000ed37000


Dynamic libraries:
0x00007ff669060000 - 0x00007ff669093000 	C:\Program Files\Java\jre7\bin\javaw.exe
0x00007ffd20a60000 - 0x00007ffd20c0c000 	C:\Windows\SYSTEM32\ntdll.dll
0x00007ffd1e5e0000 - 0x00007ffd1e71e000 	C:\Windows\system32\KERNEL32.DLL
0x00007ffd1dc80000 - 0x00007ffd1dd95000 	C:\Windows\system32\KERNELBASE.dll
0x00007ffd1c750000 - 0x00007ffd1c7de000 	C:\Windows\system32\apphelp.dll
0x00007ffd114b0000 - 0x00007ffd11503000 	C:\Windows\AppPatch\AppPatch64\AcGenral.DLL
0x00007ffd1e100000 - 0x00007ffd1e1aa000 	C:\Windows\system32\msvcrt.dll
0x00007ffd1da50000 - 0x00007ffd1da7e000 	C:\Windows\SYSTEM32\SspiCli.dll
0x00007ffd20410000 - 0x00007ffd20464000 	C:\Windows\system32\SHLWAPI.dll
0x00007ffd1fdc0000 - 0x00007ffd1ff37000 	C:\Windows\system32\USER32.dll
0x00007ffd206c0000 - 0x00007ffd20854000 	C:\Windows\system32\ole32.dll
0x00007ffd1e720000 - 0x00007ffd1fc38000 	C:\Windows\system32\SHELL32.dll
0x00007ffd1d150000 - 0x00007ffd1d171000 	C:\Windows\SYSTEM32\USERENV.dll
0x00007ffd1fc40000 - 0x00007ffd1fcea000 	C:\Windows\system32\ADVAPI32.dll
0x00007ffd0c8d0000 - 0x00007ffd0c8ee000 	C:\Windows\SYSTEM32\MPR.dll
0x00007ffd202c0000 - 0x00007ffd20401000 	C:\Windows\system32\RPCRT4.dll
0x00007ffd20260000 - 0x00007ffd202b9000 	C:\Windows\SYSTEM32\sechost.dll
0x00007ffd20480000 - 0x00007ffd20691000 	C:\Windows\SYSTEM32\combase.dll
0x00007ffd1ff40000 - 0x00007ffd20091000 	C:\Windows\system32\GDI32.dll
0x00007ffd1dbb0000 - 0x00007ffd1dbc5000 	C:\Windows\SYSTEM32\profapi.dll
0x00007ffd1c120000 - 0x00007ffd1c1d2000 	C:\Windows\SYSTEM32\SHCORE.dll
0x00007ffd20a10000 - 0x00007ffd20a46000 	C:\Windows\system32\IMM32.DLL
0x00007ffd200a0000 - 0x00007ffd201f2000 	C:\Windows\system32\MSCTF.dll
0x00007ffd1bc80000 - 0x00007ffd1befa000 	C:\Windows\WinSxS\amd64_microsoft.windows.common-controls_6595b64144ccf1df_6.0.9600.17810_none_6240b9c7ecbd0bda\COMCTL32.dll
0x000000006b1a0000 - 0x000000006b272000 	C:\Program Files\Java\jre7\bin\msvcr100.dll
0x000000006a9c0000 - 0x000000006b198000 	C:\Program Files\Java\jre7\bin\server\jvm.dll
0x00007ffd0ed90000 - 0x00007ffd0ed99000 	C:\Windows\SYSTEM32\WSOCK32.dll
0x00007ffd1a010000 - 0x00007ffd1a032000 	C:\Windows\SYSTEM32\WINMM.dll
0x00007ffd20a50000 - 0x00007ffd20a57000 	C:\Windows\system32\PSAPI.DLL
0x00007ffd1e450000 - 0x00007ffd1e4aa000 	C:\Windows\system32\WS2_32.dll
0x00007ffd19d70000 - 0x00007ffd19d9a000 	C:\Windows\SYSTEM32\WINMMBASE.dll
0x00007ffd206a0000 - 0x00007ffd206a9000 	C:\Windows\system32\NSI.dll
0x00007ffd1dda0000 - 0x00007ffd1ddef000 	C:\Windows\SYSTEM32\cfgmgr32.dll
0x00007ffd1c9b0000 - 0x00007ffd1c9d8000 	C:\Windows\SYSTEM32\DEVOBJ.dll
0x000000006a9b0000 - 0x000000006a9bf000 	C:\Program Files\Java\jre7\bin\verify.dll
0x000000006a980000 - 0x000000006a9a8000 	C:\Program Files\Java\jre7\bin\java.dll
0x000000006a960000 - 0x000000006a976000 	C:\Program Files\Java\jre7\bin\zip.dll
0x000000006a740000 - 0x000000006a8d5000 	C:\Program Files\Java\jre7\bin\awt.dll
0x00007ffd1fcf0000 - 0x00007ffd1fdb1000 	C:\Windows\system32\OLEAUT32.dll
0x00007ffd1bf20000 - 0x00007ffd1bf41000 	C:\Windows\system32\DWMAPI.DLL
0x00007ffd1c7f0000 - 0x00007ffd1c919000 	C:\Windows\system32\uxtheme.dll
0x00007ffd15fc0000 - 0x00007ffd1606b000 	C:\Program Files\Common Files\microsoft shared\ink\tiptsf.dll
0x00007ffd01970000 - 0x00007ffd019b8000 	C:\Program Files (x86)\TeamViewer\Version9\tv_x64.dll
0x00007ffd1a040000 - 0x00007ffd1a04a000 	C:\Windows\SYSTEM32\VERSION.dll
0x00007ffd1c920000 - 0x00007ffd1c92b000 	C:\Windows\SYSTEM32\kernel.appcore.dll
0x00007ffd1daf0000 - 0x00007ffd1dafb000 	C:\Windows\SYSTEM32\CRYPTBASE.dll
0x00007ffd1da80000 - 0x00007ffd1dae3000 	C:\Windows\SYSTEM32\bcryptPrimitives.dll
0x000000006a940000 - 0x000000006a95a000 	C:\Program Files\Java\jre7\bin\net.dll
0x00007ffd1d3c0000 - 0x00007ffd1d419000 	C:\Windows\system32\mswsock.dll
0x000000006a920000 - 0x000000006a931000 	C:\Program Files\Java\jre7\bin\nio.dll
0x0000000180000000 - 0x0000000180025000 	C:\Users\Johannes\Desktop\eclipse\RXTX64\rxtxSerial.dll
0x000000006a6f0000 - 0x000000006a737000 	C:\Program Files\Java\jre7\bin\fontmanager.dll
0x000000006a6a0000 - 0x000000006a6e1000 	C:\Program Files\Java\jre7\bin\t2k.dll
0x00007ffd1e390000 - 0x00007ffd1e446000 	C:\Windows\SYSTEM32\clbcatq.dll
0x00007ffd1b740000 - 0x00007ffd1b8ee000 	C:\Windows\SYSTEM32\WindowsCodecs.dll
0x00007ffd1d420000 - 0x00007ffd1d440000 	C:\Windows\SYSTEM32\CRYPTSP.dll
0x00007ffd1d040000 - 0x00007ffd1d076000 	C:\Windows\system32\rsaenh.dll
0x00007ffd1d740000 - 0x00007ffd1d766000 	C:\Windows\SYSTEM32\bcrypt.dll
0x00007ffd19c30000 - 0x00007ffd19c9a000 	C:\Windows\SYSTEM32\oleacc.dll
0x00007ffd07430000 - 0x00007ffd075b9000 	C:\Windows\SYSTEM32\dbghelp.dll

VM Arguments:
jvm_args: -Djava.library.path=C:\Users\Johannes\Desktop\eclipse\RXTX64\;%PATH% -Dfile.encoding=Cp1252 
java_command: UserGUI.InterfaceManager
Launcher Type: SUN_STANDARD

Environment Variables:
PATH=C:\Program Files (x86)\NVIDIA Corporation\PhysX\Common;C:\Program Files (x86)\Intel\iCLS Client\;C:\Program Files\Intel\iCLS Client\;C:\Windows\system32;C:\Windows;C:\Windows\System32\Wbem;C:\Windows\System32\WindowsPowerShell\v1.0\;C:\Program Files\Hewlett-Packard\SimplePass\;C:\Program Files\Intel\Intel(R) Management Engine Components\DAL;C:\Program Files\Intel\Intel(R) Management Engine Components\IPT;C:\Program Files (x86)\Intel\Intel(R) Management Engine Components\DAL;C:\Program Files (x86)\Intel\Intel(R) Management Engine Components\IPT;C:\Program Files\Intel\WiFi\bin\;C:\Program Files\Common Files\Intel\WirelessCommon\
USERNAME=Johannes
OS=Windows_NT
PROCESSOR_IDENTIFIER=Intel64 Family 6 Model 69 Stepping 1, GenuineIntel



---------------  S Y S T E M  ---------------

OS: Windows 8.1 , 64 bit Build 9600 

CPU:total 4 (2 cores per cpu, 2 threads per core) family 6 model 69 stepping 1, cmov, cx8, fxsr, mmx, sse, sse2, sse3, ssse3, sse4.1, sse4.2, popcnt, avx, avx2, aes, erms, ht, tsc, tscinvbit

Memory: 4k page, physical 12511384k(8696292k free), swap 14411928k(9756048k free)

vm_info: Java HotSpot(TM) 64-Bit Server VM (24.80-b07) for windows-amd64 JRE (1.7.0_80-ea-b05), built on Jan 20 2015 23:50:27 by "java_re" with unknown MS VC++:1600

time: Thu Jul 09 11:55:47 2015
elapsed time: 34 seconds

