STOP
START
STOP<?xml version="1.0" encoding="UTF-8"><response><command>checkin</command><statuscode>0</statuscode></response>STOP
START
<?xml version="1.0" encoding="UTF-8"><response><command>checkin</command><statuscode>0</statuscode></response>STOP
START
<?xml version="1.0" encoding="UTF-8"><response><command>checkin</command><statuscode>0</statuscode></response>STOP
START
<?xml version="1.0" encoding="UTF-8"><response><command>checkin</command><statuscode>0</statuscode></response>STOP

STOP
START
<?xml version="1.0" encoding="UTF-8"><response><command>checkin</command><statuscode>0</statuscode></response>STOP


START
<?xml version="1.0" encoding="UTF-8"><response><command>checkin</command><statuscode>0</statuscode></response>STOP


START
<?xml version="1.0" encoding="UTF-8"><response><command>checkin</command><statuscode>0</statuscode></response>STOP

STOP
START
<?xml version="1.0" encoding="UTF-8"><response><command>checkin</command><statuscode>0</statuscode></response>

STOP
STOP


START
<?xml version="1.0" encoding="UTF-8"><response><command>checkin</command><statuscode>0</statuscode></response>

STOP
STOP

STOP
START
<?xml version="1.0" encoding="UTF-8"><response><command>checkin</command><statuscode>0</statuscode></response>STOP


START
<?xml version="1.0" encoding="UTF-8"><response><command>checkin</command><statuscode>0</statuscode></response>STOP

STOP
START
<?xml version="1.0" encoding="UTF-8"><response><command>checkin</command><statuscode>0</statuscode></response>

STOP
STOP


START
<?xml version="1.0" encoding="UTF-8"><response><command>checkin</command><statuscode>0</statuscode></response>

STOP
STOP

STOP
START
<?xml version="1.0" encoding="UTF-8"><response><command>checkin</command><statuscode>0</statuscode></response>
STOP


START
<?xml version="1.0" encoding="UTF-8"><response><command>checkin</command><statuscode>0</statuscode></response>
STOP

