15.06.29 - 12:21:35|-|0|-|RE|RN308|G#33033|CS3||-||0|
15.06.29 - 12:21:38|-|0|-|GI|DA150325|TI003515|RN611|GSN|G#33036|GN(EN) Reda Boukhari|GFReda|GA150324|GD150325|GLEA|NPN||-||0|
15.06.29 - 12:21:41|-|0|-|RE|RN611|G#33036|CS3||-||0|
15.06.29 - 12:21:47|-|0|-|GC|DA150325|TI003948|G#33033|GN(EN) Karim Ben Baba|GFKarim|GA150324|GD150325|GLEA|NPN|RN316|GSN|RO308|GSN||-||0|
15.06.29 - 12:21:53|-|0|-|GC|DA150325|TI004911|G#33033|GN(FR) M Agouzoul|GFHamza|GTM|GA150324|GD150325|GLFR|NPN|RN316|GSN||-||0|
15.06.29 - 12:21:56|-|0|-|GC|DA150325|TI004952|G#33036|GN(FR) M Boukhari|GFReda|GTM|GA150324|GD150325|GLFR|NPN|RN611|GSN||-||0|
15.06.29 - 12:21:59|-|0|-|RE|RN819|G#31272|CS0||-||0|
15.06.29 - 12:22:02|-|0|-|GO|DA150325|TI042923|RN819|GSN|G#31272||-||0|
15.07.08 - 19:59:48|-|0|-|GI|RN101|G#1234|GNBenten|GFJan|GTHerr|GLGE|GVP|GSN||-||0|
15.07.08 - 20:11:09|-|0|-|GI|RN101|G#1234|GNBenten|GFJan|GTHerr|GLGE|GVP|GSN||-||0|
15.07.12 - 15:11:43|-|0|-|GI|RN101|G#1|GNtest|GF|GT|GSN||-||0|
15.07.12 - 20:25:21|-|0|-|GI|RN101|G#1|GNtest|GF|GT|GSN||-||0|
15.07.12 - 20:25:22|-|0|-|GI|RN101|G#1|GNtest|GF|GT|GSN||-||0|
15.07.12 - 20:25:38|-|0|-|GI|RN101|G#1|GNtest|GF|GT|GSN||-||0|
15.07.12 - 20:25:56|-|0|-|GI|RN1132|G#1|GNtest|GF|GT|GSN||-||0|
15.07.12 - 20:36:47|-|0|-|GI|RN1132|G#1|GNtest|GF|GT|GSN||-||0|
15.07.14 - 16:28:23|-|0|-|GI|RN1012|G#1|GNBenten|GF|GT|GSN||-||0|
15.07.14 - 16:28:29|-|0|-|GI|RN1012|G#1|GNBenten|GF|GT|GSN||-||0|
15.07.14 - 16:28:34|-|0|-|GI|RN1012|G#1|GNBenten|GF|GT|GSN||-||0|
15.07.15 - 20:13:09|-|0|-|GI|RN101|G#1|GNbenten|GF|GT|GSN||-||0|
15.07.15 - 20:13:49|-|0|-|GI|RN101|G#1|GNbenten|GF|GT|GSN||-||0|
